2015-05-14 15:49:41 4640 [Note] Plugin 'FEDERATED' is disabled.
2015-05-14 15:49:41 122c InnoDB: Warning: Using innodb_additional_mem_pool_size is DEPRECATED. This option may be removed in future releases, together with the option innodb_use_sys_malloc and with the InnoDB's internal memory allocator.
2015-05-14 15:49:41 4640 [Note] InnoDB: Using atomics to ref count buffer pool pages
2015-05-14 15:49:41 4640 [Note] InnoDB: The InnoDB memory heap is disabled
2015-05-14 15:49:41 4640 [Note] InnoDB: Mutexes and rw_locks use Windows interlocked functions
2015-05-14 15:49:41 4640 [Note] InnoDB: Memory barrier is not used
2015-05-14 15:49:41 4640 [Note] InnoDB: Compressed tables use zlib 1.2.3
2015-05-14 15:49:41 4640 [Note] InnoDB: Not using CPU crc32 instructions
2015-05-14 15:49:41 4640 [Note] InnoDB: Initializing buffer pool, size = 16.0M
2015-05-14 15:49:41 4640 [Note] InnoDB: Completed initialization of buffer pool
2015-05-14 15:49:41 4640 [Note] InnoDB: Highest supported file format is Barracuda.
2015-05-14 15:49:42 4640 [Note] InnoDB: 128 rollback segment(s) are active.
2015-05-14 15:49:42 4640 [Note] InnoDB: Waiting for purge to start
2015-05-14 15:49:42 4640 [Note] InnoDB: 5.6.21 started; log sequence number 1665234
2015-05-14 15:49:42 4640 [Note] Server hostname (bind-address): '*'; port: 3306
2015-05-14 15:49:42 4640 [Note] IPv6 is available.
2015-05-14 15:49:42 4640 [Note]   - '::' resolves to '::';
2015-05-14 15:49:42 4640 [Note] Server socket created on IP: '::'.
2015-05-14 15:49:43 4640 [Note] Event Scheduler: Loaded 0 events
2015-05-14 15:49:43 4640 [Note] c:\xampp\mysql\bin\mysqld.exe: ready for connections.
Version: '5.6.21'  socket: ''  port: 3306  MySQL Community Server (GPL)
2015-06-02 16:22:47 4492 [Note] Plugin 'FEDERATED' is disabled.
2015-06-02 16:22:47 12f4 InnoDB: Warning: Using innodb_additional_mem_pool_size is DEPRECATED. This option may be removed in future releases, together with the option innodb_use_sys_malloc and with the InnoDB's internal memory allocator.
2015-06-02 16:22:47 4492 [Note] InnoDB: Using atomics to ref count buffer pool pages
2015-06-02 16:22:47 4492 [Note] InnoDB: The InnoDB memory heap is disabled
2015-06-02 16:22:47 4492 [Note] InnoDB: Mutexes and rw_locks use Windows interlocked functions
2015-06-02 16:22:47 4492 [Note] InnoDB: Memory barrier is not used
2015-06-02 16:22:47 4492 [Note] InnoDB: Compressed tables use zlib 1.2.3
2015-06-02 16:22:47 4492 [Note] InnoDB: Not using CPU crc32 instructions
2015-06-02 16:22:47 4492 [Note] InnoDB: Initializing buffer pool, size = 16.0M
2015-06-02 16:22:47 4492 [Note] InnoDB: Completed initialization of buffer pool
2015-06-02 16:22:48 4492 [Note] InnoDB: Highest supported file format is Barracuda.
2015-06-02 16:22:48 4492 [Note] InnoDB: The log sequence numbers 1665234 and 1665234 in ibdata files do not match the log sequence number 2305595 in the ib_logfiles!
2015-06-02 16:22:48 4492 [Note] InnoDB: Database was not shutdown normally!
2015-06-02 16:22:48 4492 [Note] InnoDB: Starting crash recovery.
2015-06-02 16:22:48 4492 [Note] InnoDB: Reading tablespace information from the .ibd files...
2015-06-02 16:22:48 4492 [Note] InnoDB: Restoring possible half-written data pages 
2015-06-02 16:22:48 4492 [Note] InnoDB: from the doublewrite buffer...
2015-06-02 16:22:49 4492 [Note] InnoDB: 128 rollback segment(s) are active.
2015-06-02 16:22:49 4492 [Note] InnoDB: Waiting for purge to start
2015-06-02 16:22:49 4492 [Note] InnoDB: 5.6.21 started; log sequence number 2305595
2015-06-02 16:22:49 4492 [Note] Server hostname (bind-address): '*'; port: 3306
2015-06-02 16:22:49 4492 [Note] IPv6 is available.
2015-06-02 16:22:49 4492 [Note]   - '::' resolves to '::';
2015-06-02 16:22:49 4492 [Note] Server socket created on IP: '::'.
2015-06-02 16:22:51 4492 [Note] Event Scheduler: Loaded 0 events
2015-06-02 16:22:51 4492 [Note] c:\xampp\mysql\bin\mysqld.exe: ready for connections.
Version: '5.6.21'  socket: ''  port: 3306  MySQL Community Server (GPL)
2015-06-09 15:42:06 4288 [Note] Plugin 'FEDERATED' is disabled.
2015-06-09 15:42:06 10f4 InnoDB: Warning: Using innodb_additional_mem_pool_size is DEPRECATED. This option may be removed in future releases, together with the option innodb_use_sys_malloc and with the InnoDB's internal memory allocator.
2015-06-09 15:42:06 4288 [Note] InnoDB: Using atomics to ref count buffer pool pages
2015-06-09 15:42:06 4288 [Note] InnoDB: The InnoDB memory heap is disabled
2015-06-09 15:42:06 4288 [Note] InnoDB: Mutexes and rw_locks use Windows interlocked functions
2015-06-09 15:42:06 4288 [Note] InnoDB: Memory barrier is not used
2015-06-09 15:42:06 4288 [Note] InnoDB: Compressed tables use zlib 1.2.3
2015-06-09 15:42:06 4288 [Note] InnoDB: Not using CPU crc32 instructions
2015-06-09 15:42:06 4288 [Note] InnoDB: Initializing buffer pool, size = 16.0M
2015-06-09 15:42:06 4288 [Note] InnoDB: Completed initialization of buffer pool
2015-06-09 15:42:06 4288 [Note] InnoDB: Highest supported file format is Barracuda.
2015-06-09 15:42:06 4288 [Note] InnoDB: The log sequence numbers 1665234 and 1665234 in ibdata files do not match the log sequence number 2305605 in the ib_logfiles!
2015-06-09 15:42:06 4288 [Note] InnoDB: Database was not shutdown normally!
2015-06-09 15:42:06 4288 [Note] InnoDB: Starting crash recovery.
2015-06-09 15:42:06 4288 [Note] InnoDB: Reading tablespace information from the .ibd files...
2015-06-09 15:42:06 4288 [Note] InnoDB: Restoring possible half-written data pages 
2015-06-09 15:42:06 4288 [Note] InnoDB: from the doublewrite buffer...
2015-06-09 15:42:07 4288 [Note] InnoDB: 128 rollback segment(s) are active.
2015-06-09 15:42:07 4288 [Note] InnoDB: Waiting for purge to start
2015-06-09 15:42:07 4288 [Note] InnoDB: 5.6.21 started; log sequence number 2305605
2015-06-09 15:42:07 4288 [Note] Server hostname (bind-address): '*'; port: 3306
2015-06-09 15:42:07 4288 [Note] IPv6 is available.
2015-06-09 15:42:07 4288 [Note]   - '::' resolves to '::';
2015-06-09 15:42:07 4288 [Note] Server socket created on IP: '::'.
2015-06-09 15:42:07 4288 [Note] Event Scheduler: Loaded 0 events
2015-06-09 15:42:07 4288 [Note] c:\xampp\mysql\bin\mysqld.exe: ready for connections.
Version: '5.6.21'  socket: ''  port: 3306  MySQL Community Server (GPL)
2015-06-16 14:45:23 4668 [Note] Plugin 'FEDERATED' is disabled.
2015-06-16 14:45:23 1228 InnoDB: Warning: Using innodb_additional_mem_pool_size is DEPRECATED. This option may be removed in future releases, together with the option innodb_use_sys_malloc and with the InnoDB's internal memory allocator.
2015-06-16 14:45:23 4668 [Note] InnoDB: Using atomics to ref count buffer pool pages
2015-06-16 14:45:23 4668 [Note] InnoDB: The InnoDB memory heap is disabled
2015-06-16 14:45:23 4668 [Note] InnoDB: Mutexes and rw_locks use Windows interlocked functions
2015-06-16 14:45:23 4668 [Note] InnoDB: Memory barrier is not used
2015-06-16 14:45:23 4668 [Note] InnoDB: Compressed tables use zlib 1.2.3
2015-06-16 14:45:23 4668 [Note] InnoDB: Not using CPU crc32 instructions
2015-06-16 14:45:23 4668 [Note] InnoDB: Initializing buffer pool, size = 16.0M
2015-06-16 14:45:23 4668 [Note] InnoDB: Completed initialization of buffer pool
2015-06-16 14:45:24 4668 [Note] InnoDB: Highest supported file format is Barracuda.
2015-06-16 14:45:24 4668 [Note] InnoDB: The log sequence numbers 1665234 and 1665234 in ibdata files do not match the log sequence number 2953456 in the ib_logfiles!
2015-06-16 14:45:24 4668 [Note] InnoDB: Database was not shutdown normally!
2015-06-16 14:45:24 4668 [Note] InnoDB: Starting crash recovery.
2015-06-16 14:45:24 4668 [Note] InnoDB: Reading tablespace information from the .ibd files...
2015-06-16 14:45:24 4668 [Note] InnoDB: Restoring possible half-written data pages 
2015-06-16 14:45:24 4668 [Note] InnoDB: from the doublewrite buffer...
2015-06-16 14:45:25 4668 [Note] InnoDB: 128 rollback segment(s) are active.
2015-06-16 14:45:25 4668 [Note] InnoDB: Waiting for purge to start
2015-06-16 14:45:25 4668 [Note] InnoDB: 5.6.21 started; log sequence number 2953456
2015-06-16 14:45:25 4668 [Note] Server hostname (bind-address): '*'; port: 3306
2015-06-16 14:45:25 4668 [Note] IPv6 is available.
2015-06-16 14:45:25 4668 [Note]   - '::' resolves to '::';
2015-06-16 14:45:25 4668 [Note] Server socket created on IP: '::'.
2015-06-16 14:45:27 4668 [Note] Event Scheduler: Loaded 0 events
2015-06-16 14:45:27 4668 [Note] mysql\bin\mysqld.exe: ready for connections.
Version: '5.6.21'  socket: ''  port: 3306  MySQL Community Server (GPL)
2015-06-16 18:11:24 6060 [Note] Plugin 'FEDERATED' is disabled.
2015-06-16 18:11:24 179c InnoDB: Warning: Using innodb_additional_mem_pool_size is DEPRECATED. This option may be removed in future releases, together with the option innodb_use_sys_malloc and with the InnoDB's internal memory allocator.
2015-06-16 18:11:24 6060 [Note] InnoDB: Using atomics to ref count buffer pool pages
2015-06-16 18:11:24 6060 [Note] InnoDB: The InnoDB memory heap is disabled
2015-06-16 18:11:24 6060 [Note] InnoDB: Mutexes and rw_locks use Windows interlocked functions
2015-06-16 18:11:24 6060 [Note] InnoDB: Memory barrier is not used
2015-06-16 18:11:24 6060 [Note] InnoDB: Compressed tables use zlib 1.2.3
2015-06-16 18:11:24 6060 [Note] InnoDB: Not using CPU crc32 instructions
2015-06-16 18:11:24 6060 [Note] InnoDB: Initializing buffer pool, size = 16.0M
2015-06-16 18:11:24 6060 [Note] InnoDB: Completed initialization of buffer pool
2015-06-16 18:11:24 6060 [Note] InnoDB: Highest supported file format is Barracuda.
2015-06-16 18:11:24 6060 [Note] InnoDB: The log sequence numbers 1665234 and 1665234 in ibdata files do not match the log sequence number 3039357 in the ib_logfiles!
2015-06-16 18:11:24 6060 [Note] InnoDB: Database was not shutdown normally!
2015-06-16 18:11:24 6060 [Note] InnoDB: Starting crash recovery.
2015-06-16 18:11:24 6060 [Note] InnoDB: Reading tablespace information from the .ibd files...
2015-06-16 18:11:24 6060 [Note] InnoDB: Restoring possible half-written data pages 
2015-06-16 18:11:24 6060 [Note] InnoDB: from the doublewrite buffer...
2015-06-16 18:11:25 6060 [Note] InnoDB: 128 rollback segment(s) are active.
2015-06-16 18:11:25 6060 [Note] InnoDB: Waiting for purge to start
2015-06-16 18:11:25 6060 [Note] InnoDB: 5.6.21 started; log sequence number 3039357
2015-06-16 18:11:25 6060 [Note] Server hostname (bind-address): '*'; port: 3306
2015-06-16 18:11:25 6060 [Note] IPv6 is available.
2015-06-16 18:11:25 6060 [Note]   - '::' resolves to '::';
2015-06-16 18:11:25 6060 [Note] Server socket created on IP: '::'.
2015-06-16 18:11:25 6060 [Note] Event Scheduler: Loaded 0 events
2015-06-16 18:11:25 6060 [Note] c:\xampp\mysql\bin\mysqld.exe: ready for connections.
Version: '5.6.21'  socket: ''  port: 3306  MySQL Community Server (GPL)
2015-06-18 14:37:38 2596 [Note] Plugin 'FEDERATED' is disabled.
2015-06-18 14:37:38 1300 InnoDB: Warning: Using innodb_additional_mem_pool_size is DEPRECATED. This option may be removed in future releases, together with the option innodb_use_sys_malloc and with the InnoDB's internal memory allocator.
2015-06-18 14:37:38 2596 [Note] InnoDB: Using atomics to ref count buffer pool pages
2015-06-18 14:37:38 2596 [Note] InnoDB: The InnoDB memory heap is disabled
2015-06-18 14:37:38 2596 [Note] InnoDB: Mutexes and rw_locks use Windows interlocked functions
2015-06-18 14:37:38 2596 [Note] InnoDB: Memory barrier is not used
2015-06-18 14:37:38 2596 [Note] InnoDB: Compressed tables use zlib 1.2.3
2015-06-18 14:37:38 2596 [Note] InnoDB: Not using CPU crc32 instructions
2015-06-18 14:37:38 2596 [Note] InnoDB: Initializing buffer pool, size = 16.0M
2015-06-18 14:37:38 2596 [Note] InnoDB: Completed initialization of buffer pool
2015-06-18 14:37:39 2596 [Note] InnoDB: Highest supported file format is Barracuda.
2015-06-18 14:37:39 2596 [Note] InnoDB: The log sequence numbers 1665234 and 1665234 in ibdata files do not match the log sequence number 3039367 in the ib_logfiles!
2015-06-18 14:37:39 2596 [Note] InnoDB: Database was not shutdown normally!
2015-06-18 14:37:39 2596 [Note] InnoDB: Starting crash recovery.
2015-06-18 14:37:39 2596 [Note] InnoDB: Reading tablespace information from the .ibd files...
2015-06-18 14:37:39 2596 [Note] InnoDB: Restoring possible half-written data pages 
2015-06-18 14:37:39 2596 [Note] InnoDB: from the doublewrite buffer...
2015-06-18 14:37:40 2596 [Note] InnoDB: 128 rollback segment(s) are active.
2015-06-18 14:37:40 2596 [Note] InnoDB: Waiting for purge to start
2015-06-18 14:37:40 2596 [Note] InnoDB: 5.6.21 started; log sequence number 3039367
2015-06-18 14:37:40 2596 [Note] Server hostname (bind-address): '*'; port: 3306
2015-06-18 14:37:40 2596 [Note] IPv6 is available.
2015-06-18 14:37:40 2596 [Note]   - '::' resolves to '::';
2015-06-18 14:37:40 2596 [Note] Server socket created on IP: '::'.
2015-06-18 14:37:40 2596 [Note] Event Scheduler: Loaded 0 events
2015-06-18 14:37:40 2596 [Note] c:\xampp\mysql\bin\mysqld.exe: ready for connections.
Version: '5.6.21'  socket: ''  port: 3306  MySQL Community Server (GPL)
2015-06-18 15:33:53 5772 [Note] Plugin 'FEDERATED' is disabled.
2015-06-18 15:33:53 138c InnoDB: Warning: Using innodb_additional_mem_pool_size is DEPRECATED. This option may be removed in future releases, together with the option innodb_use_sys_malloc and with the InnoDB's internal memory allocator.
2015-06-18 15:33:53 5772 [Note] InnoDB: Using atomics to ref count buffer pool pages
2015-06-18 15:33:53 5772 [Note] InnoDB: The InnoDB memory heap is disabled
2015-06-18 15:33:53 5772 [Note] InnoDB: Mutexes and rw_locks use Windows interlocked functions
2015-06-18 15:33:53 5772 [Note] InnoDB: Memory barrier is not used
2015-06-18 15:33:53 5772 [Note] InnoDB: Compressed tables use zlib 1.2.3
2015-06-18 15:33:53 5772 [Note] InnoDB: Not using CPU crc32 instructions
2015-06-18 15:33:53 5772 [Note] InnoDB: Initializing buffer pool, size = 16.0M
2015-06-18 15:33:53 5772 [Note] InnoDB: Completed initialization of buffer pool
2015-06-18 15:33:53 5772 [Note] InnoDB: Highest supported file format is Barracuda.
2015-06-18 15:33:53 5772 [Note] InnoDB: The log sequence numbers 1665234 and 1665234 in ibdata files do not match the log sequence number 3056106 in the ib_logfiles!
2015-06-18 15:33:53 5772 [Note] InnoDB: Database was not shutdown normally!
2015-06-18 15:33:53 5772 [Note] InnoDB: Starting crash recovery.
2015-06-18 15:33:53 5772 [Note] InnoDB: Reading tablespace information from the .ibd files...
2015-06-18 15:33:53 5772 [Note] InnoDB: Restoring possible half-written data pages 
2015-06-18 15:33:53 5772 [Note] InnoDB: from the doublewrite buffer...
2015-06-18 15:33:54 5772 [Note] InnoDB: 128 rollback segment(s) are active.
2015-06-18 15:33:54 5772 [Note] InnoDB: Waiting for purge to start
2015-06-18 15:33:54 5772 [Note] InnoDB: 5.6.21 started; log sequence number 3056106
2015-06-18 15:33:54 5772 [Note] Server hostname (bind-address): '*'; port: 3306
2015-06-18 15:33:54 5772 [Note] IPv6 is available.
2015-06-18 15:33:54 5772 [Note]   - '::' resolves to '::';
2015-06-18 15:33:54 5772 [Note] Server socket created on IP: '::'.
2015-06-18 15:33:54 5772 [Note] Event Scheduler: Loaded 0 events
2015-06-18 15:33:54 5772 [Note] c:\xampp\mysql\bin\mysqld.exe: ready for connections.
Version: '5.6.21'  socket: ''  port: 3306  MySQL Community Server (GPL)
2015-06-18 20:47:26 2288 [Note] Plugin 'FEDERATED' is disabled.
2015-06-18 20:47:26 8c0 InnoDB: Warning: Using innodb_additional_mem_pool_size is DEPRECATED. This option may be removed in future releases, together with the option innodb_use_sys_malloc and with the InnoDB's internal memory allocator.
2015-06-18 20:47:26 2288 [Note] InnoDB: Using atomics to ref count buffer pool pages
2015-06-18 20:47:26 2288 [Note] InnoDB: The InnoDB memory heap is disabled
2015-06-18 20:47:26 2288 [Note] InnoDB: Mutexes and rw_locks use Windows interlocked functions
2015-06-18 20:47:26 2288 [Note] InnoDB: Memory barrier is not used
2015-06-18 20:47:26 2288 [Note] InnoDB: Compressed tables use zlib 1.2.3
2015-06-18 20:47:26 2288 [Note] InnoDB: Not using CPU crc32 instructions
2015-06-18 20:47:26 2288 [Note] InnoDB: Initializing buffer pool, size = 16.0M
2015-06-18 20:47:26 2288 [Note] InnoDB: Completed initialization of buffer pool
2015-06-18 20:47:26 2288 [Note] InnoDB: Highest supported file format is Barracuda.
2015-06-18 20:47:26 2288 [Note] InnoDB: The log sequence numbers 1665234 and 1665234 in ibdata files do not match the log sequence number 3064672 in the ib_logfiles!
2015-06-18 20:47:26 2288 [Note] InnoDB: Database was not shutdown normally!
2015-06-18 20:47:26 2288 [Note] InnoDB: Starting crash recovery.
2015-06-18 20:47:26 2288 [Note] InnoDB: Reading tablespace information from the .ibd files...
2015-06-18 20:47:27 2288 [Note] InnoDB: Restoring possible half-written data pages 
2015-06-18 20:47:27 2288 [Note] InnoDB: from the doublewrite buffer...
2015-06-18 20:47:27 2288 [Note] InnoDB: 128 rollback segment(s) are active.
2015-06-18 20:47:27 2288 [Note] InnoDB: Waiting for purge to start
2015-06-18 20:47:27 2288 [Note] InnoDB: 5.6.21 started; log sequence number 3064672
2015-06-18 20:47:27 2288 [Note] Server hostname (bind-address): '*'; port: 3306
2015-06-18 20:47:27 2288 [Note] IPv6 is available.
2015-06-18 20:47:27 2288 [Note]   - '::' resolves to '::';
2015-06-18 20:47:27 2288 [Note] Server socket created on IP: '::'.
2015-06-18 20:47:28 2288 [Note] Event Scheduler: Loaded 0 events
2015-06-18 20:47:28 2288 [Note] c:\xampp\mysql\bin\mysqld.exe: ready for connections.
Version: '5.6.21'  socket: ''  port: 3306  MySQL Community Server (GPL)
2015-06-19 10:31:15 1304 [Note] Plugin 'FEDERATED' is disabled.
2015-06-19 10:31:15 294 InnoDB: Warning: Using innodb_additional_mem_pool_size is DEPRECATED. This option may be removed in future releases, together with the option innodb_use_sys_malloc and with the InnoDB's internal memory allocator.
2015-06-19 10:31:15 1304 [Note] InnoDB: Using atomics to ref count buffer pool pages
2015-06-19 10:31:15 1304 [Note] InnoDB: The InnoDB memory heap is disabled
2015-06-19 10:31:15 1304 [Note] InnoDB: Mutexes and rw_locks use Windows interlocked functions
2015-06-19 10:31:15 1304 [Note] InnoDB: Memory barrier is not used
2015-06-19 10:31:15 1304 [Note] InnoDB: Compressed tables use zlib 1.2.3
2015-06-19 10:31:15 1304 [Note] InnoDB: Not using CPU crc32 instructions
2015-06-19 10:31:15 1304 [Note] InnoDB: Initializing buffer pool, size = 16.0M
2015-06-19 10:31:15 1304 [Note] InnoDB: Completed initialization of buffer pool
2015-06-19 10:31:15 1304 [Note] InnoDB: Highest supported file format is Barracuda.
2015-06-19 10:31:15 1304 [Note] InnoDB: The log sequence numbers 1665234 and 1665234 in ibdata files do not match the log sequence number 3064682 in the ib_logfiles!
2015-06-19 10:31:15 1304 [Note] InnoDB: Database was not shutdown normally!
2015-06-19 10:31:15 1304 [Note] InnoDB: Starting crash recovery.
2015-06-19 10:31:15 1304 [Note] InnoDB: Reading tablespace information from the .ibd files...
2015-06-19 10:31:16 1304 [Note] InnoDB: Restoring possible half-written data pages 
2015-06-19 10:31:16 1304 [Note] InnoDB: from the doublewrite buffer...
2015-06-19 10:31:16 1304 [Note] InnoDB: 128 rollback segment(s) are active.
2015-06-19 10:31:16 1304 [Note] InnoDB: Waiting for purge to start
2015-06-19 10:31:16 1304 [Note] InnoDB: 5.6.21 started; log sequence number 3064682
2015-06-19 10:31:16 1304 [Note] Server hostname (bind-address): '*'; port: 3306
2015-06-19 10:31:16 1304 [Note] IPv6 is available.
2015-06-19 10:31:16 1304 [Note]   - '::' resolves to '::';
2015-06-19 10:31:16 1304 [Note] Server socket created on IP: '::'.
2015-06-19 10:31:17 1304 [Note] Event Scheduler: Loaded 0 events
2015-06-19 10:31:17 1304 [Note] c:\xampp\mysql\bin\mysqld.exe: ready for connections.
Version: '5.6.21'  socket: ''  port: 3306  MySQL Community Server (GPL)
2015-06-19 15:47:04 13fc  InnoDB: Operating system error number 32 in a file operation.
InnoDB: The error means that another program is using InnoDB's files.
InnoDB: This might be a backup or antivirus software or another instance
InnoDB: of MySQL. Please close it to get rid of this error.
